2019-11-10 22:01:49.154 [run-main-0] INFO  j.c.nri.nefs.tool.transport.Bringin$ - D:\Apl\.ivy2\local\com.typesafe.play\play-json_2.12\2.8.0-M7\ivys
2019-11-10 22:01:49.159 [run-main-0] INFO  j.c.nri.nefs.tool.transport.Bringin$ - D:\Apl\.ivy2\local\com.typesafe.play\shaded-oauth\2.1.0-RC2\ivys
2019-11-10 22:01:49.159 [run-main-0] INFO  j.c.nri.nefs.tool.transport.Bringin$ - D:\Apl\.ivy2\local\com.typesafe.play\shaded-oauth\2.1.0-RC2\jars
2019-11-10 22:01:49.159 [run-main-0] INFO  j.c.nri.nefs.tool.transport.Bringin$ - D:\Apl\.ivy2\local\com.fasterxml.jackson.datatype\jackson-datatype-jdk8\2.10.0\ivys
2019-11-10 22:01:49.160 [run-main-0] INFO  j.c.nri.nefs.tool.transport.Bringin$ - D:\Apl\.ivy2\local\joda-time\joda-time\2.10.4\jars
2019-11-10 22:01:49.160 [run-main-0] INFO  j.c.nri.nefs.tool.transport.Bringin$ - D:\Apl\.ivy2\local\com.fasterxml.jackson\jackson-bom\2.10.0\ivys
2019-11-10 22:01:49.160 [run-main-0] INFO  j.c.nri.nefs.tool.transport.Bringin$ - D:\Apl\.ivy2\local\com.typesafe.akka\akka-stream_2.12\2.6.0-RC2\jars
2019-11-10 22:01:49.160 [run-main-0] INFO  j.c.nri.nefs.tool.transport.Bringin$ - D:\Apl\.ivy2\local\com.fasterxml.jackson\jackson-parent\2.10\ivys
2019-11-10 22:01:49.161 [run-main-0] INFO  j.c.nri.nefs.tool.transport.Bringin$ - D:\Apl\.ivy2\local\com.fasterxml.jackson.core\jackson-annotations\2.10.0\ivys
2019-11-10 22:01:49.161 [run-main-0] INFO  j.c.nri.nefs.tool.transport.Bringin$ - D:\Apl\.ivy2\local\com.typesafe\config\1.4.0\bundles
2019-11-10 22:01:49.161 [run-main-0] INFO  j.c.nri.nefs.tool.transport.Bringin$ - D:\Apl\.ivy2\local\com.fasterxml.jackson.core\jackson-core\2.10.0\bundles
2019-11-10 22:01:49.161 [run-main-0] INFO  j.c.nri.nefs.tool.transport.Bringin$ - D:\Apl\.ivy2\local\com.fasterxml.jackson.core\jackson-databind\2.10.0\bundles
2019-11-10 22:01:49.161 [run-main-0] INFO  j.c.nri.nefs.tool.transport.Bringin$ - D:\Apl\.ivy2\local\com.typesafe.play\shaded-asynchttpclient\2.1.0-RC2\jars
2019-11-10 22:01:49.162 [run-main-0] INFO  j.c.nri.nefs.tool.transport.Bringin$ - D:\Apl\.ivy2\local\com.typesafe.play\play-ws-standalone_2.12\2.1.0-RC2\ivys
2019-11-10 22:01:49.162 [run-main-0] INFO  j.c.nri.nefs.tool.transport.Bringin$ - D:\Apl\.ivy2\local\com.typesafe.play\play-ws-standalone-json_2.12\2.1.0-RC2\ivys
2019-11-10 22:01:49.162 [run-main-0] INFO  j.c.nri.nefs.tool.transport.Bringin$ - D:\Apl\.ivy2\local\com.fasterxml.jackson.module\jackson-modules-java8\2.10.0\ivys
2019-11-10 22:01:49.162 [run-main-0] INFO  j.c.nri.nefs.tool.transport.Bringin$ - D:\Apl\.ivy2\local\com.typesafe.play\play-functional_2.12\2.8.0-M7\ivys
2019-11-10 22:01:49.163 [run-main-0] INFO  j.c.nri.nefs.tool.transport.Bringin$ - D:\Apl\.ivy2\local\com.typesafe.akka\akka-protobuf-v3_2.12\2.6.0-RC2\jars
2019-11-10 22:01:49.164 [run-main-0] INFO  j.c.nri.nefs.tool.transport.Bringin$ - D:\Apl\.ivy2\local\com.typesafe.play\play-ahc-ws-standalone_2.12\2.1.0-RC2\jars
2019-11-10 22:01:49.165 [run-main-0] INFO  j.c.nri.nefs.tool.transport.Bringin$ - D:\Apl\.ivy2\local\com.typesafe.akka\akka-stream_2.12\2.6.0-RC2\ivys
2019-11-10 22:01:49.165 [run-main-0] INFO  j.c.nri.nefs.tool.transport.Bringin$ - D:\Apl\.ivy2\local\com.fasterxml.jackson.datatype\jackson-datatype-jsr310\2.10.0\ivys
2019-11-10 22:01:49.165 [run-main-0] INFO  j.c.nri.nefs.tool.transport.Bringin$ - D:\Apl\.ivy2\local\com.typesafe.play\play-ws-standalone_2.12\2.1.0-RC2\jars
2019-11-10 22:01:49.165 [run-main-0] INFO  j.c.nri.nefs.tool.transport.Bringin$ - D:\Apl\.ivy2\local\com.fasterxml.jackson.core\jackson-core\2.10.0\ivys
2019-11-10 22:01:49.165 [run-main-0] INFO  j.c.nri.nefs.tool.transport.Bringin$ - D:\Apl\.ivy2\local\com.typesafe.akka\akka-actor_2.12\2.6.0-RC2\ivys
2019-11-10 22:01:49.165 [run-main-0] INFO  j.c.nri.nefs.tool.transport.Bringin$ - D:\Apl\.ivy2\local\com.fasterxml.jackson.core\jackson-databind\2.10.0\ivys
2019-11-10 22:01:49.166 [run-main-0] INFO  j.c.nri.nefs.tool.transport.Bringin$ - D:\Apl\.ivy2\local\com.fasterxml.jackson.datatype\jackson-datatype-jdk8\2.10.0\bundles
2019-11-10 22:01:49.166 [run-main-0] INFO  j.c.nri.nefs.tool.transport.Bringin$ - D:\Apl\.ivy2\local\com.fasterxml.jackson.datatype\jackson-datatype-jsr310\2.10.0\bundles
2019-11-10 22:01:49.166 [run-main-0] INFO  j.c.nri.nefs.tool.transport.Bringin$ - D:\Apl\.ivy2\local\com.typesafe.akka\akka-protobuf-v3_2.12\2.6.0-RC2\ivys
2019-11-10 22:01:49.166 [run-main-0] INFO  j.c.nri.nefs.tool.transport.Bringin$ - D:\Apl\.ivy2\local\joda-time\joda-time\2.10.4\ivys
2019-11-10 22:01:49.166 [run-main-0] INFO  j.c.nri.nefs.tool.transport.Bringin$ - D:\Apl\.ivy2\local\com.typesafe.play\play-functional_2.12\2.8.0-M7\jars
2019-11-10 22:01:49.167 [run-main-0] INFO  j.c.nri.nefs.tool.transport.Bringin$ - D:\Apl\.ivy2\local\com.typesafe.play\play-json_2.12\2.8.0-M7\jars
2019-11-10 22:01:49.167 [run-main-0] INFO  j.c.nri.nefs.tool.transport.Bringin$ - D:\Apl\.ivy2\local\com.typesafe.akka\akka-actor_2.12\2.6.0-RC2\jars
2019-11-10 22:01:49.168 [run-main-0] INFO  j.c.nri.nefs.tool.transport.Bringin$ - D:\Apl\.ivy2\local\com.typesafe\config\1.4.0\ivys
2019-11-10 22:01:49.168 [run-main-0] INFO  j.c.nri.nefs.tool.transport.Bringin$ - D:\Apl\.ivy2\local\com.fasterxml.jackson\jackson-base\2.10.0\ivys
2019-11-10 22:01:49.168 [run-main-0] INFO  j.c.nri.nefs.tool.transport.Bringin$ - D:\Apl\.ivy2\local\com.typesafe.play\play-ahc-ws-standalone_2.12\2.1.0-RC2\ivys
2019-11-10 22:01:49.168 [run-main-0] INFO  j.c.nri.nefs.tool.transport.Bringin$ - D:\Apl\.ivy2\local\com.typesafe.play\play-ws-standalone-json_2.12\2.1.0-RC2\jars
2019-11-10 22:01:49.168 [run-main-0] INFO  j.c.nri.nefs.tool.transport.Bringin$ - D:\Apl\.ivy2\local\com.typesafe.play\shaded-asynchttpclient\2.1.0-RC2\ivys
2019-11-10 22:01:49.169 [run-main-0] INFO  j.c.nri.nefs.tool.transport.Bringin$ - D:\Apl\.ivy2\local\com.fasterxml.jackson.core\jackson-annotations\2.10.0\bundles
2019-11-10 22:01:49.298 [run-main-0] INFO  j.c.n.n.t.l.common.utils.FileUtils$ - copying from D:\Apl\.ivy2\local\com.typesafe.play\play-json_2.12\2.8.0-M7\ivys to D:\20191109_持ち込み\20191110220149_20190920\com.typesafe.play\play-json_2.12\2.8.0-M7\ivys...
2019-11-10 22:01:49.305 [run-main-0] INFO  j.c.n.n.t.l.common.utils.FileUtils$ - done.
2019-11-10 22:01:49.308 [run-main-0] INFO  j.c.n.n.t.l.common.utils.FileUtils$ - copying from D:\Apl\.ivy2\local\com.typesafe.play\play-json_2.12\2.8.0-M7\ivys\ivy.xml to D:\20191109_持ち込み\20191110220149_20190920\com.typesafe.play\play-json_2.12\2.8.0-M7\ivys\ivy.xml...
2019-11-10 22:01:49.311 [run-main-0] INFO  j.c.n.n.t.l.common.utils.FileUtils$ - done.
2019-11-10 22:01:49.312 [run-main-0] INFO  j.c.n.n.t.l.common.utils.FileUtils$ - copying from D:\Apl\.ivy2\local\com.typesafe.play\play-json_2.12\2.8.0-M7\ivys\ivy.xml.md5 to D:\20191109_持ち込み\20191110220149_20190920\com.typesafe.play\play-json_2.12\2.8.0-M7\ivys\ivy.xml.md5...
2019-11-10 22:01:49.314 [run-main-0] INFO  j.c.n.n.t.l.common.utils.FileUtils$ - done.
2019-11-10 22:01:49.315 [run-main-0] INFO  j.c.n.n.t.l.common.utils.FileUtils$ - copying from D:\Apl\.ivy2\local\com.typesafe.play\play-json_2.12\2.8.0-M7\ivys\ivy.xml.sha1 to D:\20191109_持ち込み\20191110220149_20190920\com.typesafe.play\play-json_2.12\2.8.0-M7\ivys\ivy.xml.sha1...
2019-11-10 22:01:49.317 [run-main-0] INFO  j.c.n.n.t.l.common.utils.FileUtils$ - done.
2019-11-10 22:01:49.319 [run-main-0] INFO  j.c.n.n.t.l.common.utils.FileUtils$ - copying from D:\Apl\.ivy2\local\com.typesafe.play\shaded-oauth\2.1.0-RC2\ivys to D:\20191109_持ち込み\20191110220149_20190920\com.typesafe.play\shaded-oauth\2.1.0-RC2\ivys...
2019-11-10 22:01:49.321 [run-main-0] INFO  j.c.n.n.t.l.common.utils.FileUtils$ - done.
2019-11-10 22:01:49.322 [run-main-0] INFO  j.c.n.n.t.l.common.utils.FileUtils$ - copying from D:\Apl\.ivy2\local\com.typesafe.play\shaded-oauth\2.1.0-RC2\ivys\ivy.xml to D:\20191109_持ち込み\20191110220149_20190920\com.typesafe.play\shaded-oauth\2.1.0-RC2\ivys\ivy.xml...
2019-11-10 22:01:49.324 [run-main-0] INFO  j.c.n.n.t.l.common.utils.FileUtils$ - done.
2019-11-10 22:01:49.325 [run-main-0] INFO  j.c.n.n.t.l.common.utils.FileUtils$ - copying from D:\Apl\.ivy2\local\com.typesafe.play\shaded-oauth\2.1.0-RC2\ivys\ivy.xml.md5 to D:\20191109_持ち込み\20191110220149_20190920\com.typesafe.play\shaded-oauth\2.1.0-RC2\ivys\ivy.xml.md5...
2019-11-10 22:01:49.327 [run-main-0] INFO  j.c.n.n.t.l.common.utils.FileUtils$ - done.
2019-11-10 22:01:49.327 [run-main-0] INFO  j.c.n.n.t.l.common.utils.FileUtils$ - copying from D:\Apl\.ivy2\local\com.typesafe.play\shaded-oauth\2.1.0-RC2\ivys\ivy.xml.sha1 to D:\20191109_持ち込み\20191110220149_20190920\com.typesafe.play\shaded-oauth\2.1.0-RC2\ivys\ivy.xml.sha1...
2019-11-10 22:01:49.329 [run-main-0] INFO  j.c.n.n.t.l.common.utils.FileUtils$ - done.
2019-11-10 22:01:49.330 [run-main-0] INFO  j.c.n.n.t.l.common.utils.FileUtils$ - copying from D:\Apl\.ivy2\local\com.typesafe.play\shaded-oauth\2.1.0-RC2\jars to D:\20191109_持ち込み\20191110220149_20190920\com.typesafe.play\shaded-oauth\2.1.0-RC2\jars...
2019-11-10 22:01:49.332 [run-main-0] INFO  j.c.n.n.t.l.common.utils.FileUtils$ - done.
2019-11-10 22:01:49.332 [run-main-0] INFO  j.c.n.n.t.l.common.utils.FileUtils$ - copying from D:\Apl\.ivy2\local\com.typesafe.play\shaded-oauth\2.1.0-RC2\jars\shaded-oauth.jar to D:\20191109_持ち込み\20191110220149_20190920\com.typesafe.play\shaded-oauth\2.1.0-RC2\jars\shaded-oauth.jar...
2019-11-10 22:01:49.335 [run-main-0] INFO  j.c.n.n.t.l.common.utils.FileUtils$ - done.
2019-11-10 22:01:49.339 [run-main-0] INFO  j.c.n.n.t.l.common.utils.FileUtils$ - copying from D:\Apl\.ivy2\local\com.typesafe.play\shaded-oauth\2.1.0-RC2\jars\shaded-oauth.jar.md5 to D:\20191109_持ち込み\20191110220149_20190920\com.typesafe.play\shaded-oauth\2.1.0-RC2\jars\shaded-oauth.jar.md5...
2019-11-10 22:01:49.341 [run-main-0] INFO  j.c.n.n.t.l.common.utils.FileUtils$ - done.
2019-11-10 22:01:49.342 [run-main-0] INFO  j.c.n.n.t.l.common.utils.FileUtils$ - copying from D:\Apl\.ivy2\local\com.typesafe.play\shaded-oauth\2.1.0-RC2\jars\shaded-oauth.jar.sha1 to D:\20191109_持ち込み\20191110220149_20190920\com.typesafe.play\shaded-oauth\2.1.0-RC2\jars\shaded-oauth.jar.sha1...
2019-11-10 22:01:49.344 [run-main-0] INFO  j.c.n.n.t.l.common.utils.FileUtils$ - done.
2019-11-10 22:01:49.347 [run-main-0] INFO  j.c.n.n.t.l.common.utils.FileUtils$ - copying from D:\Apl\.ivy2\local\com.fasterxml.jackson.datatype\jackson-datatype-jdk8\2.10.0\ivys to D:\20191109_持ち込み\20191110220149_20190920\com.fasterxml.jackson.datatype\jackson-datatype-jdk8\2.10.0\ivys...
2019-11-10 22:01:49.349 [run-main-0] INFO  j.c.n.n.t.l.common.utils.FileUtils$ - done.
2019-11-10 22:01:49.350 [run-main-0] INFO  j.c.n.n.t.l.common.utils.FileUtils$ - copying from D:\Apl\.ivy2\local\com.fasterxml.jackson.datatype\jackson-datatype-jdk8\2.10.0\ivys\ivy.xml to D:\20191109_持ち込み\20191110220149_20190920\com.fasterxml.jackson.datatype\jackson-datatype-jdk8\2.10.0\ivys\ivy.xml...
2019-11-10 22:01:49.352 [run-main-0] INFO  j.c.n.n.t.l.common.utils.FileUtils$ - done.
2019-11-10 22:01:49.353 [run-main-0] INFO  j.c.n.n.t.l.common.utils.FileUtils$ - copying from D:\Apl\.ivy2\local\com.fasterxml.jackson.datatype\jackson-datatype-jdk8\2.10.0\ivys\ivy.xml.md5 to D:\20191109_持ち込み\20191110220149_20190920\com.fasterxml.jackson.datatype\jackson-datatype-jdk8\2.10.0\ivys\ivy.xml.md5...
2019-11-10 22:01:49.357 [run-main-0] INFO  j.c.n.n.t.l.common.utils.FileUtils$ - done.
2019-11-10 22:01:49.358 [run-main-0] INFO  j.c.n.n.t.l.common.utils.FileUtils$ - copying from D:\Apl\.ivy2\local\com.fasterxml.jackson.datatype\jackson-datatype-jdk8\2.10.0\ivys\ivy.xml.sha1 to D:\20191109_持ち込み\20191110220149_20190920\com.fasterxml.jackson.datatype\jackson-datatype-jdk8\2.10.0\ivys\ivy.xml.sha1...
2019-11-10 22:01:49.365 [run-main-0] INFO  j.c.n.n.t.l.common.utils.FileUtils$ - done.
2019-11-10 22:01:49.374 [run-main-0] INFO  j.c.n.n.t.l.common.utils.FileUtils$ - copying from D:\Apl\.ivy2\local\joda-time\joda-time\2.10.4\jars to D:\20191109_持ち込み\20191110220149_20190920\joda-time\joda-time\2.10.4\jars...
2019-11-10 22:01:49.376 [run-main-0] INFO  j.c.n.n.t.l.common.utils.FileUtils$ - done.
2019-11-10 22:01:49.376 [run-main-0] INFO  j.c.n.n.t.l.common.utils.FileUtils$ - copying from D:\Apl\.ivy2\local\joda-time\joda-time\2.10.4\jars\joda-time.jar to D:\20191109_持ち込み\20191110220149_20190920\joda-time\joda-time\2.10.4\jars\joda-time.jar...
2019-11-10 22:01:49.380 [run-main-0] INFO  j.c.n.n.t.l.common.utils.FileUtils$ - done.
2019-11-10 22:01:49.380 [run-main-0] INFO  j.c.n.n.t.l.common.utils.FileUtils$ - copying from D:\Apl\.ivy2\local\joda-time\joda-time\2.10.4\jars\joda-time.jar.md5 to D:\20191109_持ち込み\20191110220149_20190920\joda-time\joda-time\2.10.4\jars\joda-time.jar.md5...
2019-11-10 22:01:49.382 [run-main-0] INFO  j.c.n.n.t.l.common.utils.FileUtils$ - done.
2019-11-10 22:01:49.383 [run-main-0] INFO  j.c.n.n.t.l.common.utils.FileUtils$ - copying from D:\Apl\.ivy2\local\joda-time\joda-time\2.10.4\jars\joda-time.jar.sha1 to D:\20191109_持ち込み\20191110220149_20190920\joda-time\joda-time\2.10.4\jars\joda-time.jar.sha1...
2019-11-10 22:01:49.385 [run-main-0] INFO  j.c.n.n.t.l.common.utils.FileUtils$ - done.
2019-11-10 22:01:49.390 [run-main-0] INFO  j.c.n.n.t.l.common.utils.FileUtils$ - copying from D:\Apl\.ivy2\local\com.fasterxml.jackson\jackson-bom\2.10.0\ivys to D:\20191109_持ち込み\20191110220149_20190920\com.fasterxml.jackson\jackson-bom\2.10.0\ivys...
2019-11-10 22:01:49.484 [run-main-0] INFO  j.c.n.n.t.l.common.utils.FileUtils$ - done.
2019-11-10 22:01:49.485 [run-main-0] INFO  j.c.n.n.t.l.common.utils.FileUtils$ - copying from D:\Apl\.ivy2\local\com.fasterxml.jackson\jackson-bom\2.10.0\ivys\ivy.xml to D:\20191109_持ち込み\20191110220149_20190920\com.fasterxml.jackson\jackson-bom\2.10.0\ivys\ivy.xml...
2019-11-10 22:01:49.496 [run-main-0] INFO  j.c.n.n.t.l.common.utils.FileUtils$ - done.
2019-11-10 22:01:49.500 [run-main-0] INFO  j.c.n.n.t.l.common.utils.FileUtils$ - copying from D:\Apl\.ivy2\local\com.fasterxml.jackson\jackson-bom\2.10.0\ivys\ivy.xml.md5 to D:\20191109_持ち込み\20191110220149_20190920\com.fasterxml.jackson\jackson-bom\2.10.0\ivys\ivy.xml.md5...
2019-11-10 22:01:49.529 [run-main-0] INFO  j.c.n.n.t.l.common.utils.FileUtils$ - done.
2019-11-10 22:01:49.531 [run-main-0] INFO  j.c.n.n.t.l.common.utils.FileUtils$ - copying from D:\Apl\.ivy2\local\com.fasterxml.jackson\jackson-bom\2.10.0\ivys\ivy.xml.sha1 to D:\20191109_持ち込み\20191110220149_20190920\com.fasterxml.jackson\jackson-bom\2.10.0\ivys\ivy.xml.sha1...
2019-11-10 22:01:49.535 [run-main-0] INFO  j.c.n.n.t.l.common.utils.FileUtils$ - done.
2019-11-10 22:01:49.539 [run-main-0] INFO  j.c.n.n.t.l.common.utils.FileUtils$ - copying from D:\Apl\.ivy2\local\com.typesafe.akka\akka-stream_2.12\2.6.0-RC2\jars to D:\20191109_持ち込み\20191110220149_20190920\com.typesafe.akka\akka-stream_2.12\2.6.0-RC2\jars...
2019-11-10 22:01:49.547 [run-main-0] INFO  j.c.n.n.t.l.common.utils.FileUtils$ - done.
2019-11-10 22:01:49.547 [run-main-0] INFO  j.c.n.n.t.l.common.utils.FileUtils$ - copying from D:\Apl\.ivy2\local\com.typesafe.akka\akka-stream_2.12\2.6.0-RC2\jars\akka-stream_2.12.jar to D:\20191109_持ち込み\20191110220149_20190920\com.typesafe.akka\akka-stream_2.12\2.6.0-RC2\jars\akka-stream_2.12.jar...
2019-11-10 22:01:49.569 [run-main-0] INFO  j.c.n.n.t.l.common.utils.FileUtils$ - done.
2019-11-10 22:01:49.572 [run-main-0] INFO  j.c.n.n.t.l.common.utils.FileUtils$ - copying from D:\Apl\.ivy2\local\com.typesafe.akka\akka-stream_2.12\2.6.0-RC2\jars\akka-stream_2.12.jar.md5 to D:\20191109_持ち込み\20191110220149_20190920\com.typesafe.akka\akka-stream_2.12\2.6.0-RC2\jars\akka-stream_2.12.jar.md5...
2019-11-10 22:01:49.576 [run-main-0] INFO  j.c.n.n.t.l.common.utils.FileUtils$ - done.
2019-11-10 22:01:49.577 [run-main-0] INFO  j.c.n.n.t.l.common.utils.FileUtils$ - copying from D:\Apl\.ivy2\local\com.typesafe.akka\akka-stream_2.12\2.6.0-RC2\jars\akka-stream_2.12.jar.sha1 to D:\20191109_持ち込み\20191110220149_20190920\com.typesafe.akka\akka-stream_2.12\2.6.0-RC2\jars\akka-stream_2.12.jar.sha1...
2019-11-10 22:01:49.580 [run-main-0] INFO  j.c.n.n.t.l.common.utils.FileUtils$ - done.
2019-11-10 22:01:49.582 [run-main-0] INFO  j.c.n.n.t.l.common.utils.FileUtils$ - copying from D:\Apl\.ivy2\local\com.fasterxml.jackson\jackson-parent\2.10\ivys to D:\20191109_持ち込み\20191110220149_20190920\com.fasterxml.jackson\jackson-parent\2.10\ivys...
2019-11-10 22:01:49.585 [run-main-0] INFO  j.c.n.n.t.l.common.utils.FileUtils$ - done.
2019-11-10 22:01:49.585 [run-main-0] INFO  j.c.n.n.t.l.common.utils.FileUtils$ - copying from D:\Apl\.ivy2\local\com.fasterxml.jackson\jackson-parent\2.10\ivys\ivy.xml to D:\20191109_持ち込み\20191110220149_20190920\com.fasterxml.jackson\jackson-parent\2.10\ivys\ivy.xml...
2019-11-10 22:01:49.588 [run-main-0] INFO  j.c.n.n.t.l.common.utils.FileUtils$ - done.
2019-11-10 22:01:49.589 [run-main-0] INFO  j.c.n.n.t.l.common.utils.FileUtils$ - copying from D:\Apl\.ivy2\local\com.fasterxml.jackson\jackson-parent\2.10\ivys\ivy.xml.md5 to D:\20191109_持ち込み\20191110220149_20190920\com.fasterxml.jackson\jackson-parent\2.10\ivys\ivy.xml.md5...
2019-11-10 22:01:49.591 [run-main-0] INFO  j.c.n.n.t.l.common.utils.FileUtils$ - done.
2019-11-10 22:01:49.591 [run-main-0] INFO  j.c.n.n.t.l.common.utils.FileUtils$ - copying from D:\Apl\.ivy2\local\com.fasterxml.jackson\jackson-parent\2.10\ivys\ivy.xml.sha1 to D:\20191109_持ち込み\20191110220149_20190920\com.fasterxml.jackson\jackson-parent\2.10\ivys\ivy.xml.sha1...
2019-11-10 22:01:49.594 [run-main-0] INFO  j.c.n.n.t.l.common.utils.FileUtils$ - done.
2019-11-10 22:01:49.597 [run-main-0] INFO  j.c.n.n.t.l.common.utils.FileUtils$ - copying from D:\Apl\.ivy2\local\com.fasterxml.jackson.core\jackson-annotations\2.10.0\ivys to D:\20191109_持ち込み\20191110220149_20190920\com.fasterxml.jackson.core\jackson-annotations\2.10.0\ivys...
2019-11-10 22:01:49.607 [run-main-0] INFO  j.c.n.n.t.l.common.utils.FileUtils$ - done.
2019-11-10 22:01:49.607 [run-main-0] INFO  j.c.n.n.t.l.common.utils.FileUtils$ - copying from D:\Apl\.ivy2\local\com.fasterxml.jackson.core\jackson-annotations\2.10.0\ivys\ivy.xml to D:\20191109_持ち込み\20191110220149_20190920\com.fasterxml.jackson.core\jackson-annotations\2.10.0\ivys\ivy.xml...
2019-11-10 22:01:49.610 [run-main-0] INFO  j.c.n.n.t.l.common.utils.FileUtils$ - done.
2019-11-10 22:01:49.610 [run-main-0] INFO  j.c.n.n.t.l.common.utils.FileUtils$ - copying from D:\Apl\.ivy2\local\com.fasterxml.jackson.core\jackson-annotations\2.10.0\ivys\ivy.xml.md5 to D:\20191109_持ち込み\20191110220149_20190920\com.fasterxml.jackson.core\jackson-annotations\2.10.0\ivys\ivy.xml.md5...
2019-11-10 22:01:49.613 [run-main-0] INFO  j.c.n.n.t.l.common.utils.FileUtils$ - done.
2019-11-10 22:01:49.614 [run-main-0] INFO  j.c.n.n.t.l.common.utils.FileUtils$ - copying from D:\Apl\.ivy2\local\com.fasterxml.jackson.core\jackson-annotations\2.10.0\ivys\ivy.xml.sha1 to D:\20191109_持ち込み\20191110220149_20190920\com.fasterxml.jackson.core\jackson-annotations\2.10.0\ivys\ivy.xml.sha1...
2019-11-10 22:01:49.616 [run-main-0] INFO  j.c.n.n.t.l.common.utils.FileUtils$ - done.
2019-11-10 22:01:49.619 [run-main-0] INFO  j.c.n.n.t.l.common.utils.FileUtils$ - copying from D:\Apl\.ivy2\local\com.typesafe\config\1.4.0\bundles to D:\20191109_持ち込み\20191110220149_20190920\com.typesafe\config\1.4.0\bundles...
2019-11-10 22:01:49.620 [run-main-0] INFO  j.c.n.n.t.l.common.utils.FileUtils$ - done.
2019-11-10 22:01:49.621 [run-main-0] INFO  j.c.n.n.t.l.common.utils.FileUtils$ - copying from D:\Apl\.ivy2\local\com.typesafe\config\1.4.0\bundles\config.jar to D:\20191109_持ち込み\20191110220149_20190920\com.typesafe\config\1.4.0\bundles\config.jar...
2019-11-10 22:01:49.625 [run-main-0] INFO  j.c.n.n.t.l.common.utils.FileUtils$ - done.
2019-11-10 22:01:49.626 [run-main-0] INFO  j.c.n.n.t.l.common.utils.FileUtils$ - copying from D:\Apl\.ivy2\local\com.typesafe\config\1.4.0\bundles\config.jar.md5 to D:\20191109_持ち込み\20191110220149_20190920\com.typesafe\config\1.4.0\bundles\config.jar.md5...
2019-11-10 22:01:49.628 [run-main-0] INFO  j.c.n.n.t.l.common.utils.FileUtils$ - done.
2019-11-10 22:01:49.629 [run-main-0] INFO  j.c.n.n.t.l.common.utils.FileUtils$ - copying from D:\Apl\.ivy2\local\com.typesafe\config\1.4.0\bundles\config.jar.sha1 to D:\20191109_持ち込み\20191110220149_20190920\com.typesafe\config\1.4.0\bundles\config.jar.sha1...
2019-11-10 22:01:49.640 [run-main-0] INFO  j.c.n.n.t.l.common.utils.FileUtils$ - done.
2019-11-10 22:01:49.643 [run-main-0] INFO  j.c.n.n.t.l.common.utils.FileUtils$ - copying from D:\Apl\.ivy2\local\com.fasterxml.jackson.core\jackson-core\2.10.0\bundles to D:\20191109_持ち込み\20191110220149_20190920\com.fasterxml.jackson.core\jackson-core\2.10.0\bundles...
2019-11-10 22:01:49.644 [run-main-0] INFO  j.c.n.n.t.l.common.utils.FileUtils$ - done.
2019-11-10 22:01:49.645 [run-main-0] INFO  j.c.n.n.t.l.common.utils.FileUtils$ - copying from D:\Apl\.ivy2\local\com.fasterxml.jackson.core\jackson-core\2.10.0\bundles\jackson-core.jar to D:\20191109_持ち込み\20191110220149_20190920\com.fasterxml.jackson.core\jackson-core\2.10.0\bundles\jackson-core.jar...
2019-11-10 22:01:49.647 [run-main-0] INFO  j.c.n.n.t.l.common.utils.FileUtils$ - done.
2019-11-10 22:01:49.648 [run-main-0] INFO  j.c.n.n.t.l.common.utils.FileUtils$ - copying from D:\Apl\.ivy2\local\com.fasterxml.jackson.core\jackson-core\2.10.0\bundles\jackson-core.jar.md5 to D:\20191109_持ち込み\20191110220149_20190920\com.fasterxml.jackson.core\jackson-core\2.10.0\bundles\jackson-core.jar.md5...
2019-11-10 22:01:49.650 [run-main-0] INFO  j.c.n.n.t.l.common.utils.FileUtils$ - done.
2019-11-10 22:01:49.651 [run-main-0] INFO  j.c.n.n.t.l.common.utils.FileUtils$ - copying from D:\Apl\.ivy2\local\com.fasterxml.jackson.core\jackson-core\2.10.0\bundles\jackson-core.jar.sha1 to D:\20191109_持ち込み\20191110220149_20190920\com.fasterxml.jackson.core\jackson-core\2.10.0\bundles\jackson-core.jar.sha1...
2019-11-10 22:01:49.653 [run-main-0] INFO  j.c.n.n.t.l.common.utils.FileUtils$ - done.
2019-11-10 22:01:49.655 [run-main-0] INFO  j.c.n.n.t.l.common.utils.FileUtils$ - copying from D:\Apl\.ivy2\local\com.fasterxml.jackson.core\jackson-databind\2.10.0\bundles to D:\20191109_持ち込み\20191110220149_20190920\com.fasterxml.jackson.core\jackson-databind\2.10.0\bundles...
2019-11-10 22:01:49.656 [run-main-0] INFO  j.c.n.n.t.l.common.utils.FileUtils$ - done.
2019-11-10 22:01:49.657 [run-main-0] INFO  j.c.n.n.t.l.common.utils.FileUtils$ - copying from D:\Apl\.ivy2\local\com.fasterxml.jackson.core\jackson-databind\2.10.0\bundles\jackson-databind.jar to D:\20191109_持ち込み\20191110220149_20190920\com.fasterxml.jackson.core\jackson-databind\2.10.0\bundles\jackson-databind.jar...
2019-11-10 22:01:49.660 [run-main-0] INFO  j.c.n.n.t.l.common.utils.FileUtils$ - done.
2019-11-10 22:01:49.661 [run-main-0] INFO  j.c.n.n.t.l.common.utils.FileUtils$ - copying from D:\Apl\.ivy2\local\com.fasterxml.jackson.core\jackson-databind\2.10.0\bundles\jackson-databind.jar.md5 to D:\20191109_持ち込み\20191110220149_20190920\com.fasterxml.jackson.core\jackson-databind\2.10.0\bundles\jackson-databind.jar.md5...
2019-11-10 22:01:49.669 [run-main-0] INFO  j.c.n.n.t.l.common.utils.FileUtils$ - done.
2019-11-10 22:01:49.669 [run-main-0] INFO  j.c.n.n.t.l.common.utils.FileUtils$ - copying from D:\Apl\.ivy2\local\com.fasterxml.jackson.core\jackson-databind\2.10.0\bundles\jackson-databind.jar.sha1 to D:\20191109_持ち込み\20191110220149_20190920\com.fasterxml.jackson.core\jackson-databind\2.10.0\bundles\jackson-databind.jar.sha1...
2019-11-10 22:01:49.672 [run-main-0] INFO  j.c.n.n.t.l.common.utils.FileUtils$ - done.
2019-11-10 22:01:49.673 [run-main-0] INFO  j.c.n.n.t.l.common.utils.FileUtils$ - copying from D:\Apl\.ivy2\local\com.typesafe.play\shaded-asynchttpclient\2.1.0-RC2\jars to D:\20191109_持ち込み\20191110220149_20190920\com.typesafe.play\shaded-asynchttpclient\2.1.0-RC2\jars...
2019-11-10 22:01:49.675 [run-main-0] INFO  j.c.n.n.t.l.common.utils.FileUtils$ - done.
2019-11-10 22:01:49.675 [run-main-0] INFO  j.c.n.n.t.l.common.utils.FileUtils$ - copying from D:\Apl\.ivy2\local\com.typesafe.play\shaded-asynchttpclient\2.1.0-RC2\jars\shaded-asynchttpclient.jar to D:\20191109_持ち込み\20191110220149_20190920\com.typesafe.play\shaded-asynchttpclient\2.1.0-RC2\jars\shaded-asynchttpclient.jar...
2019-11-10 22:01:49.690 [run-main-0] INFO  j.c.n.n.t.l.common.utils.FileUtils$ - done.
2019-11-10 22:01:49.691 [run-main-0] INFO  j.c.n.n.t.l.common.utils.FileUtils$ - copying from D:\Apl\.ivy2\local\com.typesafe.play\shaded-asynchttpclient\2.1.0-RC2\jars\shaded-asynchttpclient.jar.md5 to D:\20191109_持ち込み\20191110220149_20190920\com.typesafe.play\shaded-asynchttpclient\2.1.0-RC2\jars\shaded-asynchttpclient.jar.md5...
2019-11-10 22:01:49.702 [run-main-0] INFO  j.c.n.n.t.l.common.utils.FileUtils$ - done.
2019-11-10 22:01:49.711 [run-main-0] INFO  j.c.n.n.t.l.common.utils.FileUtils$ - copying from D:\Apl\.ivy2\local\com.typesafe.play\shaded-asynchttpclient\2.1.0-RC2\jars\shaded-asynchttpclient.jar.sha1 to D:\20191109_持ち込み\20191110220149_20190920\com.typesafe.play\shaded-asynchttpclient\2.1.0-RC2\jars\shaded-asynchttpclient.jar.sha1...
2019-11-10 22:01:49.714 [run-main-0] INFO  j.c.n.n.t.l.common.utils.FileUtils$ - done.
2019-11-10 22:01:49.716 [run-main-0] INFO  j.c.n.n.t.l.common.utils.FileUtils$ - copying from D:\Apl\.ivy2\local\com.typesafe.play\play-ws-standalone_2.12\2.1.0-RC2\ivys to D:\20191109_持ち込み\20191110220149_20190920\com.typesafe.play\play-ws-standalone_2.12\2.1.0-RC2\ivys...
2019-11-10 22:01:49.718 [run-main-0] INFO  j.c.n.n.t.l.common.utils.FileUtils$ - done.
2019-11-10 22:01:49.718 [run-main-0] INFO  j.c.n.n.t.l.common.utils.FileUtils$ - copying from D:\Apl\.ivy2\local\com.typesafe.play\play-ws-standalone_2.12\2.1.0-RC2\ivys\ivy.xml to D:\20191109_持ち込み\20191110220149_20190920\com.typesafe.play\play-ws-standalone_2.12\2.1.0-RC2\ivys\ivy.xml...
2019-11-10 22:01:49.720 [run-main-0] INFO  j.c.n.n.t.l.common.utils.FileUtils$ - done.
2019-11-10 22:01:49.721 [run-main-0] INFO  j.c.n.n.t.l.common.utils.FileUtils$ - copying from D:\Apl\.ivy2\local\com.typesafe.play\play-ws-standalone_2.12\2.1.0-RC2\ivys\ivy.xml.md5 to D:\20191109_持ち込み\20191110220149_20190920\com.typesafe.play\play-ws-standalone_2.12\2.1.0-RC2\ivys\ivy.xml.md5...
2019-11-10 22:01:49.723 [run-main-0] INFO  j.c.n.n.t.l.common.utils.FileUtils$ - done.
2019-11-10 22:01:49.724 [run-main-0] INFO  j.c.n.n.t.l.common.utils.FileUtils$ - copying from D:\Apl\.ivy2\local\com.typesafe.play\play-ws-standalone_2.12\2.1.0-RC2\ivys\ivy.xml.sha1 to D:\20191109_持ち込み\20191110220149_20190920\com.typesafe.play\play-ws-standalone_2.12\2.1.0-RC2\ivys\ivy.xml.sha1...
2019-11-10 22:01:49.726 [run-main-0] INFO  j.c.n.n.t.l.common.utils.FileUtils$ - done.
2019-11-10 22:01:49.727 [run-main-0] INFO  j.c.n.n.t.l.common.utils.FileUtils$ - copying from D:\Apl\.ivy2\local\com.typesafe.play\play-ws-standalone-json_2.12\2.1.0-RC2\ivys to D:\20191109_持ち込み\20191110220149_20190920\com.typesafe.play\play-ws-standalone-json_2.12\2.1.0-RC2\ivys...
2019-11-10 22:01:49.729 [run-main-0] INFO  j.c.n.n.t.l.common.utils.FileUtils$ - done.
2019-11-10 22:01:49.729 [run-main-0] INFO  j.c.n.n.t.l.common.utils.FileUtils$ - copying from D:\Apl\.ivy2\local\com.typesafe.play\play-ws-standalone-json_2.12\2.1.0-RC2\ivys\ivy.xml to D:\20191109_持ち込み\20191110220149_20190920\com.typesafe.play\play-ws-standalone-json_2.12\2.1.0-RC2\ivys\ivy.xml...
2019-11-10 22:01:49.731 [run-main-0] INFO  j.c.n.n.t.l.common.utils.FileUtils$ - done.
2019-11-10 22:01:49.731 [run-main-0] INFO  j.c.n.n.t.l.common.utils.FileUtils$ - copying from D:\Apl\.ivy2\local\com.typesafe.play\play-ws-standalone-json_2.12\2.1.0-RC2\ivys\ivy.xml.md5 to D:\20191109_持ち込み\20191110220149_20190920\com.typesafe.play\play-ws-standalone-json_2.12\2.1.0-RC2\ivys\ivy.xml.md5...
2019-11-10 22:01:49.733 [run-main-0] INFO  j.c.n.n.t.l.common.utils.FileUtils$ - done.
2019-11-10 22:01:49.734 [run-main-0] INFO  j.c.n.n.t.l.common.utils.FileUtils$ - copying from D:\Apl\.ivy2\local\com.typesafe.play\play-ws-standalone-json_2.12\2.1.0-RC2\ivys\ivy.xml.sha1 to D:\20191109_持ち込み\20191110220149_20190920\com.typesafe.play\play-ws-standalone-json_2.12\2.1.0-RC2\ivys\ivy.xml.sha1...
2019-11-10 22:01:49.736 [run-main-0] INFO  j.c.n.n.t.l.common.utils.FileUtils$ - done.
2019-11-10 22:01:49.745 [run-main-0] INFO  j.c.n.n.t.l.common.utils.FileUtils$ - copying from D:\Apl\.ivy2\local\com.fasterxml.jackson.module\jackson-modules-java8\2.10.0\ivys to D:\20191109_持ち込み\20191110220149_20190920\com.fasterxml.jackson.module\jackson-modules-java8\2.10.0\ivys...
2019-11-10 22:01:49.748 [run-main-0] INFO  j.c.n.n.t.l.common.utils.FileUtils$ - done.
2019-11-10 22:01:49.748 [run-main-0] INFO  j.c.n.n.t.l.common.utils.FileUtils$ - copying from D:\Apl\.ivy2\local\com.fasterxml.jackson.module\jackson-modules-java8\2.10.0\ivys\ivy.xml to D:\20191109_持ち込み\20191110220149_20190920\com.fasterxml.jackson.module\jackson-modules-java8\2.10.0\ivys\ivy.xml...
2019-11-10 22:01:49.750 [run-main-0] INFO  j.c.n.n.t.l.common.utils.FileUtils$ - done.
2019-11-10 22:01:49.751 [run-main-0] INFO  j.c.n.n.t.l.common.utils.FileUtils$ - copying from D:\Apl\.ivy2\local\com.fasterxml.jackson.module\jackson-modules-java8\2.10.0\ivys\ivy.xml.md5 to D:\20191109_持ち込み\20191110220149_20190920\com.fasterxml.jackson.module\jackson-modules-java8\2.10.0\ivys\ivy.xml.md5...
2019-11-10 22:01:49.753 [run-main-0] INFO  j.c.n.n.t.l.common.utils.FileUtils$ - done.
2019-11-10 22:01:49.754 [run-main-0] INFO  j.c.n.n.t.l.common.utils.FileUtils$ - copying from D:\Apl\.ivy2\local\com.fasterxml.jackson.module\jackson-modules-java8\2.10.0\ivys\ivy.xml.sha1 to D:\20191109_持ち込み\20191110220149_20190920\com.fasterxml.jackson.module\jackson-modules-java8\2.10.0\ivys\ivy.xml.sha1...
2019-11-10 22:01:49.758 [run-main-0] INFO  j.c.n.n.t.l.common.utils.FileUtils$ - done.
2019-11-10 22:01:49.762 [run-main-0] INFO  j.c.n.n.t.l.common.utils.FileUtils$ - copying from D:\Apl\.ivy2\local\com.typesafe.play\play-functional_2.12\2.8.0-M7\ivys to D:\20191109_持ち込み\20191110220149_20190920\com.typesafe.play\play-functional_2.12\2.8.0-M7\ivys...
2019-11-10 22:01:49.763 [run-main-0] INFO  j.c.n.n.t.l.common.utils.FileUtils$ - done.
2019-11-10 22:01:49.764 [run-main-0] INFO  j.c.n.n.t.l.common.utils.FileUtils$ - copying from D:\Apl\.ivy2\local\com.typesafe.play\play-functional_2.12\2.8.0-M7\ivys\ivy.xml to D:\20191109_持ち込み\20191110220149_20190920\com.typesafe.play\play-functional_2.12\2.8.0-M7\ivys\ivy.xml...
2019-11-10 22:01:49.766 [run-main-0] INFO  j.c.n.n.t.l.common.utils.FileUtils$ - done.
2019-11-10 22:01:49.766 [run-main-0] INFO  j.c.n.n.t.l.common.utils.FileUtils$ - copying from D:\Apl\.ivy2\local\com.typesafe.play\play-functional_2.12\2.8.0-M7\ivys\ivy.xml.md5 to D:\20191109_持ち込み\20191110220149_20190920\com.typesafe.play\play-functional_2.12\2.8.0-M7\ivys\ivy.xml.md5...
2019-11-10 22:01:49.769 [run-main-0] INFO  j.c.n.n.t.l.common.utils.FileUtils$ - done.
2019-11-10 22:01:49.778 [run-main-0] INFO  j.c.n.n.t.l.common.utils.FileUtils$ - copying from D:\Apl\.ivy2\local\com.typesafe.play\play-functional_2.12\2.8.0-M7\ivys\ivy.xml.sha1 to D:\20191109_持ち込み\20191110220149_20190920\com.typesafe.play\play-functional_2.12\2.8.0-M7\ivys\ivy.xml.sha1...
2019-11-10 22:01:49.782 [run-main-0] INFO  j.c.n.n.t.l.common.utils.FileUtils$ - done.
2019-11-10 22:01:49.784 [run-main-0] INFO  j.c.n.n.t.l.common.utils.FileUtils$ - copying from D:\Apl\.ivy2\local\com.typesafe.akka\akka-protobuf-v3_2.12\2.6.0-RC2\jars to D:\20191109_持ち込み\20191110220149_20190920\com.typesafe.akka\akka-protobuf-v3_2.12\2.6.0-RC2\jars...
2019-11-10 22:01:49.786 [run-main-0] INFO  j.c.n.n.t.l.common.utils.FileUtils$ - done.
2019-11-10 22:01:49.788 [run-main-0] INFO  j.c.n.n.t.l.common.utils.FileUtils$ - copying from D:\Apl\.ivy2\local\com.typesafe.akka\akka-protobuf-v3_2.12\2.6.0-RC2\jars\akka-protobuf-v3_2.12.jar to D:\20191109_持ち込み\20191110220149_20190920\com.typesafe.akka\akka-protobuf-v3_2.12\2.6.0-RC2\jars\akka-protobuf-v3_2.12.jar...
2019-11-10 22:01:49.798 [run-main-0] INFO  j.c.n.n.t.l.common.utils.FileUtils$ - done.
2019-11-10 22:01:49.799 [run-main-0] INFO  j.c.n.n.t.l.common.utils.FileUtils$ - copying from D:\Apl\.ivy2\local\com.typesafe.akka\akka-protobuf-v3_2.12\2.6.0-RC2\jars\akka-protobuf-v3_2.12.jar.md5 to D:\20191109_持ち込み\20191110220149_20190920\com.typesafe.akka\akka-protobuf-v3_2.12\2.6.0-RC2\jars\akka-protobuf-v3_2.12.jar.md5...
2019-11-10 22:01:49.802 [run-main-0] INFO  j.c.n.n.t.l.common.utils.FileUtils$ - done.
2019-11-10 22:01:49.808 [run-main-0] INFO  j.c.n.n.t.l.common.utils.FileUtils$ - copying from D:\Apl\.ivy2\local\com.typesafe.akka\akka-protobuf-v3_2.12\2.6.0-RC2\jars\akka-protobuf-v3_2.12.jar.sha1 to D:\20191109_持ち込み\20191110220149_20190920\com.typesafe.akka\akka-protobuf-v3_2.12\2.6.0-RC2\jars\akka-protobuf-v3_2.12.jar.sha1...
2019-11-10 22:01:49.812 [run-main-0] INFO  j.c.n.n.t.l.common.utils.FileUtils$ - done.
2019-11-10 22:01:49.814 [run-main-0] INFO  j.c.n.n.t.l.common.utils.FileUtils$ - copying from D:\Apl\.ivy2\local\com.typesafe.play\play-ahc-ws-standalone_2.12\2.1.0-RC2\jars to D:\20191109_持ち込み\20191110220149_20190920\com.typesafe.play\play-ahc-ws-standalone_2.12\2.1.0-RC2\jars...
2019-11-10 22:01:49.816 [run-main-0] INFO  j.c.n.n.t.l.common.utils.FileUtils$ - done.
2019-11-10 22:01:49.817 [run-main-0] INFO  j.c.n.n.t.l.common.utils.FileUtils$ - copying from D:\Apl\.ivy2\local\com.typesafe.play\play-ahc-ws-standalone_2.12\2.1.0-RC2\jars\play-ahc-ws-standalone_2.12.jar to D:\20191109_持ち込み\20191110220149_20190920\com.typesafe.play\play-ahc-ws-standalone_2.12\2.1.0-RC2\jars\play-ahc-ws-standalone_2.12.jar...
2019-11-10 22:01:49.821 [run-main-0] INFO  j.c.n.n.t.l.common.utils.FileUtils$ - done.
2019-11-10 22:01:49.822 [run-main-0] INFO  j.c.n.n.t.l.common.utils.FileUtils$ - copying from D:\Apl\.ivy2\local\com.typesafe.play\play-ahc-ws-standalone_2.12\2.1.0-RC2\jars\play-ahc-ws-standalone_2.12.jar.md5 to D:\20191109_持ち込み\20191110220149_20190920\com.typesafe.play\play-ahc-ws-standalone_2.12\2.1.0-RC2\jars\play-ahc-ws-standalone_2.12.jar.md5...
2019-11-10 22:01:49.824 [run-main-0] INFO  j.c.n.n.t.l.common.utils.FileUtils$ - done.
2019-11-10 22:01:49.825 [run-main-0] INFO  j.c.n.n.t.l.common.utils.FileUtils$ - copying from D:\Apl\.ivy2\local\com.typesafe.play\play-ahc-ws-standalone_2.12\2.1.0-RC2\jars\play-ahc-ws-standalone_2.12.jar.sha1 to D:\20191109_持ち込み\20191110220149_20190920\com.typesafe.play\play-ahc-ws-standalone_2.12\2.1.0-RC2\jars\play-ahc-ws-standalone_2.12.jar.sha1...
2019-11-10 22:01:49.828 [run-main-0] INFO  j.c.n.n.t.l.common.utils.FileUtils$ - done.
2019-11-10 22:01:49.829 [run-main-0] INFO  j.c.n.n.t.l.common.utils.FileUtils$ - copying from D:\Apl\.ivy2\local\com.typesafe.akka\akka-stream_2.12\2.6.0-RC2\ivys to D:\20191109_持ち込み\20191110220149_20190920\com.typesafe.akka\akka-stream_2.12\2.6.0-RC2\ivys...
2019-11-10 22:01:49.830 [run-main-0] INFO  j.c.n.n.t.l.common.utils.FileUtils$ - done.
2019-11-10 22:01:49.831 [run-main-0] INFO  j.c.n.n.t.l.common.utils.FileUtils$ - copying from D:\Apl\.ivy2\local\com.typesafe.akka\akka-stream_2.12\2.6.0-RC2\ivys\ivy.xml to D:\20191109_持ち込み\20191110220149_20190920\com.typesafe.akka\akka-stream_2.12\2.6.0-RC2\ivys\ivy.xml...
2019-11-10 22:01:49.835 [run-main-0] INFO  j.c.n.n.t.l.common.utils.FileUtils$ - done.
2019-11-10 22:01:49.843 [run-main-0] INFO  j.c.n.n.t.l.common.utils.FileUtils$ - copying from D:\Apl\.ivy2\local\com.typesafe.akka\akka-stream_2.12\2.6.0-RC2\ivys\ivy.xml.md5 to D:\20191109_持ち込み\20191110220149_20190920\com.typesafe.akka\akka-stream_2.12\2.6.0-RC2\ivys\ivy.xml.md5...
2019-11-10 22:01:49.845 [run-main-0] INFO  j.c.n.n.t.l.common.utils.FileUtils$ - done.
2019-11-10 22:01:49.846 [run-main-0] INFO  j.c.n.n.t.l.common.utils.FileUtils$ - copying from D:\Apl\.ivy2\local\com.typesafe.akka\akka-stream_2.12\2.6.0-RC2\ivys\ivy.xml.sha1 to D:\20191109_持ち込み\20191110220149_20190920\com.typesafe.akka\akka-stream_2.12\2.6.0-RC2\ivys\ivy.xml.sha1...
2019-11-10 22:01:49.848 [run-main-0] INFO  j.c.n.n.t.l.common.utils.FileUtils$ - done.
2019-11-10 22:01:49.849 [run-main-0] INFO  j.c.n.n.t.l.common.utils.FileUtils$ - copying from D:\Apl\.ivy2\local\com.fasterxml.jackson.datatype\jackson-datatype-jsr310\2.10.0\ivys to D:\20191109_持ち込み\20191110220149_20190920\com.fasterxml.jackson.datatype\jackson-datatype-jsr310\2.10.0\ivys...
2019-11-10 22:01:49.851 [run-main-0] INFO  j.c.n.n.t.l.common.utils.FileUtils$ - done.
2019-11-10 22:01:49.851 [run-main-0] INFO  j.c.n.n.t.l.common.utils.FileUtils$ - copying from D:\Apl\.ivy2\local\com.fasterxml.jackson.datatype\jackson-datatype-jsr310\2.10.0\ivys\ivy.xml to D:\20191109_持ち込み\20191110220149_20190920\com.fasterxml.jackson.datatype\jackson-datatype-jsr310\2.10.0\ivys\ivy.xml...
2019-11-10 22:01:49.853 [run-main-0] INFO  j.c.n.n.t.l.common.utils.FileUtils$ - done.
2019-11-10 22:01:49.854 [run-main-0] INFO  j.c.n.n.t.l.common.utils.FileUtils$ - copying from D:\Apl\.ivy2\local\com.fasterxml.jackson.datatype\jackson-datatype-jsr310\2.10.0\ivys\ivy.xml.md5 to D:\20191109_持ち込み\20191110220149_20190920\com.fasterxml.jackson.datatype\jackson-datatype-jsr310\2.10.0\ivys\ivy.xml.md5...
2019-11-10 22:01:49.856 [run-main-0] INFO  j.c.n.n.t.l.common.utils.FileUtils$ - done.
2019-11-10 22:01:49.856 [run-main-0] INFO  j.c.n.n.t.l.common.utils.FileUtils$ - copying from D:\Apl\.ivy2\local\com.fasterxml.jackson.datatype\jackson-datatype-jsr310\2.10.0\ivys\ivy.xml.sha1 to D:\20191109_持ち込み\20191110220149_20190920\com.fasterxml.jackson.datatype\jackson-datatype-jsr310\2.10.0\ivys\ivy.xml.sha1...
2019-11-10 22:01:49.858 [run-main-0] INFO  j.c.n.n.t.l.common.utils.FileUtils$ - done.
2019-11-10 22:01:49.859 [run-main-0] INFO  j.c.n.n.t.l.common.utils.FileUtils$ - copying from D:\Apl\.ivy2\local\com.typesafe.play\play-ws-standalone_2.12\2.1.0-RC2\jars to D:\20191109_持ち込み\20191110220149_20190920\com.typesafe.play\play-ws-standalone_2.12\2.1.0-RC2\jars...
2019-11-10 22:01:49.860 [run-main-0] INFO  j.c.n.n.t.l.common.utils.FileUtils$ - done.
2019-11-10 22:01:49.861 [run-main-0] INFO  j.c.n.n.t.l.common.utils.FileUtils$ - copying from D:\Apl\.ivy2\local\com.typesafe.play\play-ws-standalone_2.12\2.1.0-RC2\jars\play-ws-standalone_2.12.jar to D:\20191109_持ち込み\20191110220149_20190920\com.typesafe.play\play-ws-standalone_2.12\2.1.0-RC2\jars\play-ws-standalone_2.12.jar...
2019-11-10 22:01:49.863 [run-main-0] INFO  j.c.n.n.t.l.common.utils.FileUtils$ - done.
2019-11-10 22:01:49.864 [run-main-0] INFO  j.c.n.n.t.l.common.utils.FileUtils$ - copying from D:\Apl\.ivy2\local\com.typesafe.play\play-ws-standalone_2.12\2.1.0-RC2\jars\play-ws-standalone_2.12.jar.md5 to D:\20191109_持ち込み\20191110220149_20190920\com.typesafe.play\play-ws-standalone_2.12\2.1.0-RC2\jars\play-ws-standalone_2.12.jar.md5...
2019-11-10 22:01:49.866 [run-main-0] INFO  j.c.n.n.t.l.common.utils.FileUtils$ - done.
2019-11-10 22:01:49.866 [run-main-0] INFO  j.c.n.n.t.l.common.utils.FileUtils$ - copying from D:\Apl\.ivy2\local\com.typesafe.play\play-ws-standalone_2.12\2.1.0-RC2\jars\play-ws-standalone_2.12.jar.sha1 to D:\20191109_持ち込み\20191110220149_20190920\com.typesafe.play\play-ws-standalone_2.12\2.1.0-RC2\jars\play-ws-standalone_2.12.jar.sha1...
2019-11-10 22:01:49.869 [run-main-0] INFO  j.c.n.n.t.l.common.utils.FileUtils$ - done.
2019-11-10 22:01:49.874 [run-main-0] INFO  j.c.n.n.t.l.common.utils.FileUtils$ - copying from D:\Apl\.ivy2\local\com.fasterxml.jackson.core\jackson-core\2.10.0\ivys to D:\20191109_持ち込み\20191110220149_20190920\com.fasterxml.jackson.core\jackson-core\2.10.0\ivys...
2019-11-10 22:01:49.876 [run-main-0] INFO  j.c.n.n.t.l.common.utils.FileUtils$ - done.
2019-11-10 22:01:49.876 [run-main-0] INFO  j.c.n.n.t.l.common.utils.FileUtils$ - copying from D:\Apl\.ivy2\local\com.fasterxml.jackson.core\jackson-core\2.10.0\ivys\ivy.xml to D:\20191109_持ち込み\20191110220149_20190920\com.fasterxml.jackson.core\jackson-core\2.10.0\ivys\ivy.xml...
2019-11-10 22:01:49.878 [run-main-0] INFO  j.c.n.n.t.l.common.utils.FileUtils$ - done.
2019-11-10 22:01:49.879 [run-main-0] INFO  j.c.n.n.t.l.common.utils.FileUtils$ - copying from D:\Apl\.ivy2\local\com.fasterxml.jackson.core\jackson-core\2.10.0\ivys\ivy.xml.md5 to D:\20191109_持ち込み\20191110220149_20190920\com.fasterxml.jackson.core\jackson-core\2.10.0\ivys\ivy.xml.md5...
2019-11-10 22:01:49.880 [run-main-0] INFO  j.c.n.n.t.l.common.utils.FileUtils$ - done.
2019-11-10 22:01:49.881 [run-main-0] INFO  j.c.n.n.t.l.common.utils.FileUtils$ - copying from D:\Apl\.ivy2\local\com.fasterxml.jackson.core\jackson-core\2.10.0\ivys\ivy.xml.sha1 to D:\20191109_持ち込み\20191110220149_20190920\com.fasterxml.jackson.core\jackson-core\2.10.0\ivys\ivy.xml.sha1...
2019-11-10 22:01:49.883 [run-main-0] INFO  j.c.n.n.t.l.common.utils.FileUtils$ - done.
2019-11-10 22:01:49.884 [run-main-0] INFO  j.c.n.n.t.l.common.utils.FileUtils$ - copying from D:\Apl\.ivy2\local\com.typesafe.akka\akka-actor_2.12\2.6.0-RC2\ivys to D:\20191109_持ち込み\20191110220149_20190920\com.typesafe.akka\akka-actor_2.12\2.6.0-RC2\ivys...
2019-11-10 22:01:49.886 [run-main-0] INFO  j.c.n.n.t.l.common.utils.FileUtils$ - done.
2019-11-10 22:01:49.886 [run-main-0] INFO  j.c.n.n.t.l.common.utils.FileUtils$ - copying from D:\Apl\.ivy2\local\com.typesafe.akka\akka-actor_2.12\2.6.0-RC2\ivys\ivy.xml to D:\20191109_持ち込み\20191110220149_20190920\com.typesafe.akka\akka-actor_2.12\2.6.0-RC2\ivys\ivy.xml...
2019-11-10 22:01:49.888 [run-main-0] INFO  j.c.n.n.t.l.common.utils.FileUtils$ - done.
2019-11-10 22:01:49.888 [run-main-0] INFO  j.c.n.n.t.l.common.utils.FileUtils$ - copying from D:\Apl\.ivy2\local\com.typesafe.akka\akka-actor_2.12\2.6.0-RC2\ivys\ivy.xml.md5 to D:\20191109_持ち込み\20191110220149_20190920\com.typesafe.akka\akka-actor_2.12\2.6.0-RC2\ivys\ivy.xml.md5...
2019-11-10 22:01:49.890 [run-main-0] INFO  j.c.n.n.t.l.common.utils.FileUtils$ - done.
2019-11-10 22:01:49.890 [run-main-0] INFO  j.c.n.n.t.l.common.utils.FileUtils$ - copying from D:\Apl\.ivy2\local\com.typesafe.akka\akka-actor_2.12\2.6.0-RC2\ivys\ivy.xml.sha1 to D:\20191109_持ち込み\20191110220149_20190920\com.typesafe.akka\akka-actor_2.12\2.6.0-RC2\ivys\ivy.xml.sha1...
2019-11-10 22:01:49.893 [run-main-0] INFO  j.c.n.n.t.l.common.utils.FileUtils$ - done.
2019-11-10 22:01:49.894 [run-main-0] INFO  j.c.n.n.t.l.common.utils.FileUtils$ - copying from D:\Apl\.ivy2\local\com.fasterxml.jackson.core\jackson-databind\2.10.0\ivys to D:\20191109_持ち込み\20191110220149_20190920\com.fasterxml.jackson.core\jackson-databind\2.10.0\ivys...
2019-11-10 22:01:49.895 [run-main-0] INFO  j.c.n.n.t.l.common.utils.FileUtils$ - done.
2019-11-10 22:01:49.895 [run-main-0] INFO  j.c.n.n.t.l.common.utils.FileUtils$ - copying from D:\Apl\.ivy2\local\com.fasterxml.jackson.core\jackson-databind\2.10.0\ivys\ivy.xml to D:\20191109_持ち込み\20191110220149_20190920\com.fasterxml.jackson.core\jackson-databind\2.10.0\ivys\ivy.xml...
2019-11-10 22:01:49.897 [run-main-0] INFO  j.c.n.n.t.l.common.utils.FileUtils$ - done.
2019-11-10 22:01:49.897 [run-main-0] INFO  j.c.n.n.t.l.common.utils.FileUtils$ - copying from D:\Apl\.ivy2\local\com.fasterxml.jackson.core\jackson-databind\2.10.0\ivys\ivy.xml.md5 to D:\20191109_持ち込み\20191110220149_20190920\com.fasterxml.jackson.core\jackson-databind\2.10.0\ivys\ivy.xml.md5...
2019-11-10 22:01:49.900 [run-main-0] INFO  j.c.n.n.t.l.common.utils.FileUtils$ - done.
2019-11-10 22:01:49.905 [run-main-0] INFO  j.c.n.n.t.l.common.utils.FileUtils$ - copying from D:\Apl\.ivy2\local\com.fasterxml.jackson.core\jackson-databind\2.10.0\ivys\ivy.xml.sha1 to D:\20191109_持ち込み\20191110220149_20190920\com.fasterxml.jackson.core\jackson-databind\2.10.0\ivys\ivy.xml.sha1...
2019-11-10 22:01:49.908 [run-main-0] INFO  j.c.n.n.t.l.common.utils.FileUtils$ - done.
2019-11-10 22:01:49.909 [run-main-0] INFO  j.c.n.n.t.l.common.utils.FileUtils$ - copying from D:\Apl\.ivy2\local\com.fasterxml.jackson.datatype\jackson-datatype-jdk8\2.10.0\bundles to D:\20191109_持ち込み\20191110220149_20190920\com.fasterxml.jackson.datatype\jackson-datatype-jdk8\2.10.0\bundles...
2019-11-10 22:01:49.911 [run-main-0] INFO  j.c.n.n.t.l.common.utils.FileUtils$ - done.
2019-11-10 22:01:49.911 [run-main-0] INFO  j.c.n.n.t.l.common.utils.FileUtils$ - copying from D:\Apl\.ivy2\local\com.fasterxml.jackson.datatype\jackson-datatype-jdk8\2.10.0\bundles\jackson-datatype-jdk8.jar to D:\20191109_持ち込み\20191110220149_20190920\com.fasterxml.jackson.datatype\jackson-datatype-jdk8\2.10.0\bundles\jackson-datatype-jdk8.jar...
2019-11-10 22:01:49.914 [run-main-0] INFO  j.c.n.n.t.l.common.utils.FileUtils$ - done.
2019-11-10 22:01:49.914 [run-main-0] INFO  j.c.n.n.t.l.common.utils.FileUtils$ - copying from D:\Apl\.ivy2\local\com.fasterxml.jackson.datatype\jackson-datatype-jdk8\2.10.0\bundles\jackson-datatype-jdk8.jar.md5 to D:\20191109_持ち込み\20191110220149_20190920\com.fasterxml.jackson.datatype\jackson-datatype-jdk8\2.10.0\bundles\jackson-datatype-jdk8.jar.md5...
2019-11-10 22:01:49.916 [run-main-0] INFO  j.c.n.n.t.l.common.utils.FileUtils$ - done.
2019-11-10 22:01:49.918 [run-main-0] INFO  j.c.n.n.t.l.common.utils.FileUtils$ - copying from D:\Apl\.ivy2\local\com.fasterxml.jackson.datatype\jackson-datatype-jdk8\2.10.0\bundles\jackson-datatype-jdk8.jar.sha1 to D:\20191109_持ち込み\20191110220149_20190920\com.fasterxml.jackson.datatype\jackson-datatype-jdk8\2.10.0\bundles\jackson-datatype-jdk8.jar.sha1...
2019-11-10 22:01:49.920 [run-main-0] INFO  j.c.n.n.t.l.common.utils.FileUtils$ - done.
2019-11-10 22:01:49.921 [run-main-0] INFO  j.c.n.n.t.l.common.utils.FileUtils$ - copying from D:\Apl\.ivy2\local\com.fasterxml.jackson.datatype\jackson-datatype-jsr310\2.10.0\bundles to D:\20191109_持ち込み\20191110220149_20190920\com.fasterxml.jackson.datatype\jackson-datatype-jsr310\2.10.0\bundles...
2019-11-10 22:01:49.924 [run-main-0] INFO  j.c.n.n.t.l.common.utils.FileUtils$ - done.
2019-11-10 22:01:49.924 [run-main-0] INFO  j.c.n.n.t.l.common.utils.FileUtils$ - copying from D:\Apl\.ivy2\local\com.fasterxml.jackson.datatype\jackson-datatype-jsr310\2.10.0\bundles\jackson-datatype-jsr310.jar to D:\20191109_持ち込み\20191110220149_20190920\com.fasterxml.jackson.datatype\jackson-datatype-jsr310\2.10.0\bundles\jackson-datatype-jsr310.jar...
2019-11-10 22:01:49.930 [run-main-0] INFO  j.c.n.n.t.l.common.utils.FileUtils$ - done.
2019-11-10 22:01:49.932 [run-main-0] INFO  j.c.n.n.t.l.common.utils.FileUtils$ - copying from D:\Apl\.ivy2\local\com.fasterxml.jackson.datatype\jackson-datatype-jsr310\2.10.0\bundles\jackson-datatype-jsr310.jar.md5 to D:\20191109_持ち込み\20191110220149_20190920\com.fasterxml.jackson.datatype\jackson-datatype-jsr310\2.10.0\bundles\jackson-datatype-jsr310.jar.md5...
2019-11-10 22:01:49.995 [run-main-0] INFO  j.c.n.n.t.l.common.utils.FileUtils$ - done.
2019-11-10 22:01:49.996 [run-main-0] INFO  j.c.n.n.t.l.common.utils.FileUtils$ - copying from D:\Apl\.ivy2\local\com.fasterxml.jackson.datatype\jackson-datatype-jsr310\2.10.0\bundles\jackson-datatype-jsr310.jar.sha1 to D:\20191109_持ち込み\20191110220149_20190920\com.fasterxml.jackson.datatype\jackson-datatype-jsr310\2.10.0\bundles\jackson-datatype-jsr310.jar.sha1...
2019-11-10 22:01:50.001 [run-main-0] INFO  j.c.n.n.t.l.common.utils.FileUtils$ - done.
2019-11-10 22:01:50.003 [run-main-0] INFO  j.c.n.n.t.l.common.utils.FileUtils$ - copying from D:\Apl\.ivy2\local\com.typesafe.akka\akka-protobuf-v3_2.12\2.6.0-RC2\ivys to D:\20191109_持ち込み\20191110220149_20190920\com.typesafe.akka\akka-protobuf-v3_2.12\2.6.0-RC2\ivys...
2019-11-10 22:01:50.009 [run-main-0] INFO  j.c.n.n.t.l.common.utils.FileUtils$ - done.
2019-11-10 22:01:50.010 [run-main-0] INFO  j.c.n.n.t.l.common.utils.FileUtils$ - copying from D:\Apl\.ivy2\local\com.typesafe.akka\akka-protobuf-v3_2.12\2.6.0-RC2\ivys\ivy.xml to D:\20191109_持ち込み\20191110220149_20190920\com.typesafe.akka\akka-protobuf-v3_2.12\2.6.0-RC2\ivys\ivy.xml...
2019-11-10 22:01:50.018 [run-main-0] INFO  j.c.n.n.t.l.common.utils.FileUtils$ - done.
2019-11-10 22:01:50.026 [run-main-0] INFO  j.c.n.n.t.l.common.utils.FileUtils$ - copying from D:\Apl\.ivy2\local\com.typesafe.akka\akka-protobuf-v3_2.12\2.6.0-RC2\ivys\ivy.xml.md5 to D:\20191109_持ち込み\20191110220149_20190920\com.typesafe.akka\akka-protobuf-v3_2.12\2.6.0-RC2\ivys\ivy.xml.md5...
2019-11-10 22:01:50.030 [run-main-0] INFO  j.c.n.n.t.l.common.utils.FileUtils$ - done.
2019-11-10 22:01:50.030 [run-main-0] INFO  j.c.n.n.t.l.common.utils.FileUtils$ - copying from D:\Apl\.ivy2\local\com.typesafe.akka\akka-protobuf-v3_2.12\2.6.0-RC2\ivys\ivy.xml.sha1 to D:\20191109_持ち込み\20191110220149_20190920\com.typesafe.akka\akka-protobuf-v3_2.12\2.6.0-RC2\ivys\ivy.xml.sha1...
2019-11-10 22:01:50.033 [run-main-0] INFO  j.c.n.n.t.l.common.utils.FileUtils$ - done.
2019-11-10 22:01:50.034 [run-main-0] INFO  j.c.n.n.t.l.common.utils.FileUtils$ - copying from D:\Apl\.ivy2\local\joda-time\joda-time\2.10.4\ivys to D:\20191109_持ち込み\20191110220149_20190920\joda-time\joda-time\2.10.4\ivys...
2019-11-10 22:01:50.035 [run-main-0] INFO  j.c.n.n.t.l.common.utils.FileUtils$ - done.
2019-11-10 22:01:50.036 [run-main-0] INFO  j.c.n.n.t.l.common.utils.FileUtils$ - copying from D:\Apl\.ivy2\local\joda-time\joda-time\2.10.4\ivys\ivy.xml to D:\20191109_持ち込み\20191110220149_20190920\joda-time\joda-time\2.10.4\ivys\ivy.xml...
2019-11-10 22:01:50.039 [run-main-0] INFO  j.c.n.n.t.l.common.utils.FileUtils$ - done.
2019-11-10 22:01:50.039 [run-main-0] INFO  j.c.n.n.t.l.common.utils.FileUtils$ - copying from D:\Apl\.ivy2\local\joda-time\joda-time\2.10.4\ivys\ivy.xml.md5 to D:\20191109_持ち込み\20191110220149_20190920\joda-time\joda-time\2.10.4\ivys\ivy.xml.md5...
2019-11-10 22:01:50.041 [run-main-0] INFO  j.c.n.n.t.l.common.utils.FileUtils$ - done.
2019-11-10 22:01:50.042 [run-main-0] INFO  j.c.n.n.t.l.common.utils.FileUtils$ - copying from D:\Apl\.ivy2\local\joda-time\joda-time\2.10.4\ivys\ivy.xml.sha1 to D:\20191109_持ち込み\20191110220149_20190920\joda-time\joda-time\2.10.4\ivys\ivy.xml.sha1...
2019-11-10 22:01:50.044 [run-main-0] INFO  j.c.n.n.t.l.common.utils.FileUtils$ - done.
2019-11-10 22:01:50.045 [run-main-0] INFO  j.c.n.n.t.l.common.utils.FileUtils$ - copying from D:\Apl\.ivy2\local\com.typesafe.play\play-functional_2.12\2.8.0-M7\jars to D:\20191109_持ち込み\20191110220149_20190920\com.typesafe.play\play-functional_2.12\2.8.0-M7\jars...
2019-11-10 22:01:50.047 [run-main-0] INFO  j.c.n.n.t.l.common.utils.FileUtils$ - done.
2019-11-10 22:01:50.047 [run-main-0] INFO  j.c.n.n.t.l.common.utils.FileUtils$ - copying from D:\Apl\.ivy2\local\com.typesafe.play\play-functional_2.12\2.8.0-M7\jars\play-functional_2.12.jar to D:\20191109_持ち込み\20191110220149_20190920\com.typesafe.play\play-functional_2.12\2.8.0-M7\jars\play-functional_2.12.jar...
2019-11-10 22:01:50.049 [run-main-0] INFO  j.c.n.n.t.l.common.utils.FileUtils$ - done.
2019-11-10 22:01:50.049 [run-main-0] INFO  j.c.n.n.t.l.common.utils.FileUtils$ - copying from D:\Apl\.ivy2\local\com.typesafe.play\play-functional_2.12\2.8.0-M7\jars\play-functional_2.12.jar.md5 to D:\20191109_持ち込み\20191110220149_20190920\com.typesafe.play\play-functional_2.12\2.8.0-M7\jars\play-functional_2.12.jar.md5...
2019-11-10 22:01:50.052 [run-main-0] INFO  j.c.n.n.t.l.common.utils.FileUtils$ - done.
2019-11-10 22:01:50.058 [run-main-0] INFO  j.c.n.n.t.l.common.utils.FileUtils$ - copying from D:\Apl\.ivy2\local\com.typesafe.play\play-functional_2.12\2.8.0-M7\jars\play-functional_2.12.jar.sha1 to D:\20191109_持ち込み\20191110220149_20190920\com.typesafe.play\play-functional_2.12\2.8.0-M7\jars\play-functional_2.12.jar.sha1...
2019-11-10 22:01:50.060 [run-main-0] INFO  j.c.n.n.t.l.common.utils.FileUtils$ - done.
2019-11-10 22:01:50.061 [run-main-0] INFO  j.c.n.n.t.l.common.utils.FileUtils$ - copying from D:\Apl\.ivy2\local\com.typesafe.play\play-json_2.12\2.8.0-M7\jars to D:\20191109_持ち込み\20191110220149_20190920\com.typesafe.play\play-json_2.12\2.8.0-M7\jars...
2019-11-10 22:01:50.063 [run-main-0] INFO  j.c.n.n.t.l.common.utils.FileUtils$ - done.
2019-11-10 22:01:50.063 [run-main-0] INFO  j.c.n.n.t.l.common.utils.FileUtils$ - copying from D:\Apl\.ivy2\local\com.typesafe.play\play-json_2.12\2.8.0-M7\jars\play-json_2.12.jar to D:\20191109_持ち込み\20191110220149_20190920\com.typesafe.play\play-json_2.12\2.8.0-M7\jars\play-json_2.12.jar...
2019-11-10 22:01:50.065 [run-main-0] INFO  j.c.n.n.t.l.common.utils.FileUtils$ - done.
2019-11-10 22:01:50.066 [run-main-0] INFO  j.c.n.n.t.l.common.utils.FileUtils$ - copying from D:\Apl\.ivy2\local\com.typesafe.play\play-json_2.12\2.8.0-M7\jars\play-json_2.12.jar.md5 to D:\20191109_持ち込み\20191110220149_20190920\com.typesafe.play\play-json_2.12\2.8.0-M7\jars\play-json_2.12.jar.md5...
2019-11-10 22:01:50.068 [run-main-0] INFO  j.c.n.n.t.l.common.utils.FileUtils$ - done.
2019-11-10 22:01:50.068 [run-main-0] INFO  j.c.n.n.t.l.common.utils.FileUtils$ - copying from D:\Apl\.ivy2\local\com.typesafe.play\play-json_2.12\2.8.0-M7\jars\play-json_2.12.jar.sha1 to D:\20191109_持ち込み\20191110220149_20190920\com.typesafe.play\play-json_2.12\2.8.0-M7\jars\play-json_2.12.jar.sha1...
2019-11-10 22:01:50.070 [run-main-0] INFO  j.c.n.n.t.l.common.utils.FileUtils$ - done.
2019-11-10 22:01:50.071 [run-main-0] INFO  j.c.n.n.t.l.common.utils.FileUtils$ - copying from D:\Apl\.ivy2\local\com.typesafe.akka\akka-actor_2.12\2.6.0-RC2\jars to D:\20191109_持ち込み\20191110220149_20190920\com.typesafe.akka\akka-actor_2.12\2.6.0-RC2\jars...
2019-11-10 22:01:50.072 [run-main-0] INFO  j.c.n.n.t.l.common.utils.FileUtils$ - done.
2019-11-10 22:01:50.073 [run-main-0] INFO  j.c.n.n.t.l.common.utils.FileUtils$ - copying from D:\Apl\.ivy2\local\com.typesafe.akka\akka-actor_2.12\2.6.0-RC2\jars\akka-actor_2.12.jar to D:\20191109_持ち込み\20191110220149_20190920\com.typesafe.akka\akka-actor_2.12\2.6.0-RC2\jars\akka-actor_2.12.jar...
2019-11-10 22:01:50.086 [run-main-0] INFO  j.c.n.n.t.l.common.utils.FileUtils$ - done.
2019-11-10 22:01:50.090 [run-main-0] INFO  j.c.n.n.t.l.common.utils.FileUtils$ - copying from D:\Apl\.ivy2\local\com.typesafe.akka\akka-actor_2.12\2.6.0-RC2\jars\akka-actor_2.12.jar.md5 to D:\20191109_持ち込み\20191110220149_20190920\com.typesafe.akka\akka-actor_2.12\2.6.0-RC2\jars\akka-actor_2.12.jar.md5...
2019-11-10 22:01:50.093 [run-main-0] INFO  j.c.n.n.t.l.common.utils.FileUtils$ - done.
2019-11-10 22:01:50.094 [run-main-0] INFO  j.c.n.n.t.l.common.utils.FileUtils$ - copying from D:\Apl\.ivy2\local\com.typesafe.akka\akka-actor_2.12\2.6.0-RC2\jars\akka-actor_2.12.jar.sha1 to D:\20191109_持ち込み\20191110220149_20190920\com.typesafe.akka\akka-actor_2.12\2.6.0-RC2\jars\akka-actor_2.12.jar.sha1...
2019-11-10 22:01:50.106 [run-main-0] INFO  j.c.n.n.t.l.common.utils.FileUtils$ - done.
2019-11-10 22:01:50.107 [run-main-0] INFO  j.c.n.n.t.l.common.utils.FileUtils$ - copying from D:\Apl\.ivy2\local\com.typesafe\config\1.4.0\ivys to D:\20191109_持ち込み\20191110220149_20190920\com.typesafe\config\1.4.0\ivys...
2019-11-10 22:01:50.108 [run-main-0] INFO  j.c.n.n.t.l.common.utils.FileUtils$ - done.
2019-11-10 22:01:50.109 [run-main-0] INFO  j.c.n.n.t.l.common.utils.FileUtils$ - copying from D:\Apl\.ivy2\local\com.typesafe\config\1.4.0\ivys\ivy.xml to D:\20191109_持ち込み\20191110220149_20190920\com.typesafe\config\1.4.0\ivys\ivy.xml...
2019-11-10 22:01:50.111 [run-main-0] INFO  j.c.n.n.t.l.common.utils.FileUtils$ - done.
2019-11-10 22:01:50.111 [run-main-0] INFO  j.c.n.n.t.l.common.utils.FileUtils$ - copying from D:\Apl\.ivy2\local\com.typesafe\config\1.4.0\ivys\ivy.xml.md5 to D:\20191109_持ち込み\20191110220149_20190920\com.typesafe\config\1.4.0\ivys\ivy.xml.md5...
2019-11-10 22:01:50.114 [run-main-0] INFO  j.c.n.n.t.l.common.utils.FileUtils$ - done.
2019-11-10 22:01:50.114 [run-main-0] INFO  j.c.n.n.t.l.common.utils.FileUtils$ - copying from D:\Apl\.ivy2\local\com.typesafe\config\1.4.0\ivys\ivy.xml.sha1 to D:\20191109_持ち込み\20191110220149_20190920\com.typesafe\config\1.4.0\ivys\ivy.xml.sha1...
2019-11-10 22:01:50.116 [run-main-0] INFO  j.c.n.n.t.l.common.utils.FileUtils$ - done.
2019-11-10 22:01:50.124 [run-main-0] INFO  j.c.n.n.t.l.common.utils.FileUtils$ - copying from D:\Apl\.ivy2\local\com.fasterxml.jackson\jackson-base\2.10.0\ivys to D:\20191109_持ち込み\20191110220149_20190920\com.fasterxml.jackson\jackson-base\2.10.0\ivys...
2019-11-10 22:01:50.126 [run-main-0] INFO  j.c.n.n.t.l.common.utils.FileUtils$ - done.
2019-11-10 22:01:50.126 [run-main-0] INFO  j.c.n.n.t.l.common.utils.FileUtils$ - copying from D:\Apl\.ivy2\local\com.fasterxml.jackson\jackson-base\2.10.0\ivys\ivy.xml to D:\20191109_持ち込み\20191110220149_20190920\com.fasterxml.jackson\jackson-base\2.10.0\ivys\ivy.xml...
2019-11-10 22:01:50.128 [run-main-0] INFO  j.c.n.n.t.l.common.utils.FileUtils$ - done.
2019-11-10 22:01:50.128 [run-main-0] INFO  j.c.n.n.t.l.common.utils.FileUtils$ - copying from D:\Apl\.ivy2\local\com.fasterxml.jackson\jackson-base\2.10.0\ivys\ivy.xml.md5 to D:\20191109_持ち込み\20191110220149_20190920\com.fasterxml.jackson\jackson-base\2.10.0\ivys\ivy.xml.md5...
2019-11-10 22:01:50.130 [run-main-0] INFO  j.c.n.n.t.l.common.utils.FileUtils$ - done.
2019-11-10 22:01:50.130 [run-main-0] INFO  j.c.n.n.t.l.common.utils.FileUtils$ - copying from D:\Apl\.ivy2\local\com.fasterxml.jackson\jackson-base\2.10.0\ivys\ivy.xml.sha1 to D:\20191109_持ち込み\20191110220149_20190920\com.fasterxml.jackson\jackson-base\2.10.0\ivys\ivy.xml.sha1...
2019-11-10 22:01:50.132 [run-main-0] INFO  j.c.n.n.t.l.common.utils.FileUtils$ - done.
2019-11-10 22:01:50.133 [run-main-0] INFO  j.c.n.n.t.l.common.utils.FileUtils$ - copying from D:\Apl\.ivy2\local\com.typesafe.play\play-ahc-ws-standalone_2.12\2.1.0-RC2\ivys to D:\20191109_持ち込み\20191110220149_20190920\com.typesafe.play\play-ahc-ws-standalone_2.12\2.1.0-RC2\ivys...
2019-11-10 22:01:50.135 [run-main-0] INFO  j.c.n.n.t.l.common.utils.FileUtils$ - done.
2019-11-10 22:01:50.135 [run-main-0] INFO  j.c.n.n.t.l.common.utils.FileUtils$ - copying from D:\Apl\.ivy2\local\com.typesafe.play\play-ahc-ws-standalone_2.12\2.1.0-RC2\ivys\ivy.xml to D:\20191109_持ち込み\20191110220149_20190920\com.typesafe.play\play-ahc-ws-standalone_2.12\2.1.0-RC2\ivys\ivy.xml...
2019-11-10 22:01:50.137 [run-main-0] INFO  j.c.n.n.t.l.common.utils.FileUtils$ - done.
2019-11-10 22:01:50.138 [run-main-0] INFO  j.c.n.n.t.l.common.utils.FileUtils$ - copying from D:\Apl\.ivy2\local\com.typesafe.play\play-ahc-ws-standalone_2.12\2.1.0-RC2\ivys\ivy.xml.md5 to D:\20191109_持ち込み\20191110220149_20190920\com.typesafe.play\play-ahc-ws-standalone_2.12\2.1.0-RC2\ivys\ivy.xml.md5...
2019-11-10 22:01:50.140 [run-main-0] INFO  j.c.n.n.t.l.common.utils.FileUtils$ - done.
2019-11-10 22:01:50.141 [run-main-0] INFO  j.c.n.n.t.l.common.utils.FileUtils$ - copying from D:\Apl\.ivy2\local\com.typesafe.play\play-ahc-ws-standalone_2.12\2.1.0-RC2\ivys\ivy.xml.sha1 to D:\20191109_持ち込み\20191110220149_20190920\com.typesafe.play\play-ahc-ws-standalone_2.12\2.1.0-RC2\ivys\ivy.xml.sha1...
2019-11-10 22:01:50.144 [run-main-0] INFO  j.c.n.n.t.l.common.utils.FileUtils$ - done.
2019-11-10 22:01:50.144 [run-main-0] INFO  j.c.n.n.t.l.common.utils.FileUtils$ - copying from D:\Apl\.ivy2\local\com.typesafe.play\play-ws-standalone-json_2.12\2.1.0-RC2\jars to D:\20191109_持ち込み\20191110220149_20190920\com.typesafe.play\play-ws-standalone-json_2.12\2.1.0-RC2\jars...
2019-11-10 22:01:50.146 [run-main-0] INFO  j.c.n.n.t.l.common.utils.FileUtils$ - done.
2019-11-10 22:01:50.146 [run-main-0] INFO  j.c.n.n.t.l.common.utils.FileUtils$ - copying from D:\Apl\.ivy2\local\com.typesafe.play\play-ws-standalone-json_2.12\2.1.0-RC2\jars\play-ws-standalone-json_2.12.jar to D:\20191109_持ち込み\20191110220149_20190920\com.typesafe.play\play-ws-standalone-json_2.12\2.1.0-RC2\jars\play-ws-standalone-json_2.12.jar...
2019-11-10 22:01:50.150 [run-main-0] INFO  j.c.n.n.t.l.common.utils.FileUtils$ - done.
2019-11-10 22:01:50.159 [run-main-0] INFO  j.c.n.n.t.l.common.utils.FileUtils$ - copying from D:\Apl\.ivy2\local\com.typesafe.play\play-ws-standalone-json_2.12\2.1.0-RC2\jars\play-ws-standalone-json_2.12.jar.md5 to D:\20191109_持ち込み\20191110220149_20190920\com.typesafe.play\play-ws-standalone-json_2.12\2.1.0-RC2\jars\play-ws-standalone-json_2.12.jar.md5...
2019-11-10 22:01:50.163 [run-main-0] INFO  j.c.n.n.t.l.common.utils.FileUtils$ - done.
2019-11-10 22:01:50.164 [run-main-0] INFO  j.c.n.n.t.l.common.utils.FileUtils$ - copying from D:\Apl\.ivy2\local\com.typesafe.play\play-ws-standalone-json_2.12\2.1.0-RC2\jars\play-ws-standalone-json_2.12.jar.sha1 to D:\20191109_持ち込み\20191110220149_20190920\com.typesafe.play\play-ws-standalone-json_2.12\2.1.0-RC2\jars\play-ws-standalone-json_2.12.jar.sha1...
2019-11-10 22:01:50.166 [run-main-0] INFO  j.c.n.n.t.l.common.utils.FileUtils$ - done.
2019-11-10 22:01:50.167 [run-main-0] INFO  j.c.n.n.t.l.common.utils.FileUtils$ - copying from D:\Apl\.ivy2\local\com.typesafe.play\shaded-asynchttpclient\2.1.0-RC2\ivys to D:\20191109_持ち込み\20191110220149_20190920\com.typesafe.play\shaded-asynchttpclient\2.1.0-RC2\ivys...
2019-11-10 22:01:50.170 [run-main-0] INFO  j.c.n.n.t.l.common.utils.FileUtils$ - done.
2019-11-10 22:01:50.170 [run-main-0] INFO  j.c.n.n.t.l.common.utils.FileUtils$ - copying from D:\Apl\.ivy2\local\com.typesafe.play\shaded-asynchttpclient\2.1.0-RC2\ivys\ivy.xml to D:\20191109_持ち込み\20191110220149_20190920\com.typesafe.play\shaded-asynchttpclient\2.1.0-RC2\ivys\ivy.xml...
2019-11-10 22:01:50.172 [run-main-0] INFO  j.c.n.n.t.l.common.utils.FileUtils$ - done.
2019-11-10 22:01:50.173 [run-main-0] INFO  j.c.n.n.t.l.common.utils.FileUtils$ - copying from D:\Apl\.ivy2\local\com.typesafe.play\shaded-asynchttpclient\2.1.0-RC2\ivys\ivy.xml.md5 to D:\20191109_持ち込み\20191110220149_20190920\com.typesafe.play\shaded-asynchttpclient\2.1.0-RC2\ivys\ivy.xml.md5...
2019-11-10 22:01:50.176 [run-main-0] INFO  j.c.n.n.t.l.common.utils.FileUtils$ - done.
2019-11-10 22:01:50.176 [run-main-0] INFO  j.c.n.n.t.l.common.utils.FileUtils$ - copying from D:\Apl\.ivy2\local\com.typesafe.play\shaded-asynchttpclient\2.1.0-RC2\ivys\ivy.xml.sha1 to D:\20191109_持ち込み\20191110220149_20190920\com.typesafe.play\shaded-asynchttpclient\2.1.0-RC2\ivys\ivy.xml.sha1...
2019-11-10 22:01:50.179 [run-main-0] INFO  j.c.n.n.t.l.common.utils.FileUtils$ - done.
2019-11-10 22:01:50.180 [run-main-0] INFO  j.c.n.n.t.l.common.utils.FileUtils$ - copying from D:\Apl\.ivy2\local\com.fasterxml.jackson.core\jackson-annotations\2.10.0\bundles to D:\20191109_持ち込み\20191110220149_20190920\com.fasterxml.jackson.core\jackson-annotations\2.10.0\bundles...
2019-11-10 22:01:50.181 [run-main-0] INFO  j.c.n.n.t.l.common.utils.FileUtils$ - done.
2019-11-10 22:01:50.181 [run-main-0] INFO  j.c.n.n.t.l.common.utils.FileUtils$ - copying from D:\Apl\.ivy2\local\com.fasterxml.jackson.core\jackson-annotations\2.10.0\bundles\jackson-annotations.jar to D:\20191109_持ち込み\20191110220149_20190920\com.fasterxml.jackson.core\jackson-annotations\2.10.0\bundles\jackson-annotations.jar...
2019-11-10 22:01:50.183 [run-main-0] INFO  j.c.n.n.t.l.common.utils.FileUtils$ - done.
2019-11-10 22:01:50.184 [run-main-0] INFO  j.c.n.n.t.l.common.utils.FileUtils$ - copying from D:\Apl\.ivy2\local\com.fasterxml.jackson.core\jackson-annotations\2.10.0\bundles\jackson-annotations.jar.md5 to D:\20191109_持ち込み\20191110220149_20190920\com.fasterxml.jackson.core\jackson-annotations\2.10.0\bundles\jackson-annotations.jar.md5...
2019-11-10 22:01:50.186 [run-main-0] INFO  j.c.n.n.t.l.common.utils.FileUtils$ - done.
2019-11-10 22:01:50.186 [run-main-0] INFO  j.c.n.n.t.l.common.utils.FileUtils$ - copying from D:\Apl\.ivy2\local\com.fasterxml.jackson.core\jackson-annotations\2.10.0\bundles\jackson-annotations.jar.sha1 to D:\20191109_持ち込み\20191110220149_20190920\com.fasterxml.jackson.core\jackson-annotations\2.10.0\bundles\jackson-annotations.jar.sha1...
2019-11-10 22:01:50.189 [run-main-0] INFO  j.c.n.n.t.l.common.utils.FileUtils$ - done.
